<?xml version="1.0" encoding="UTF-8"?>
<testng-results skipped="0" failed="0" ignored="0" total="1" passed="1">
  <reporter-output>
  </reporter-output>
  <suite name="Suite" duration-ms="26857" started-at="2019-12-19T04:20:38Z" finished-at="2019-12-19T04:21:05Z">
    <groups>
    </groups>
    <test name="Test" duration-ms="26857" started-at="2019-12-19T04:20:38Z" finished-at="2019-12-19T04:21:05Z">
      <class name="pack1.p1">
        <test-method status="PASS" signature="script1()[pri:0, instance:pack1.p1@64f6106c]" name="script1" duration-ms="26821" started-at="2019-12-19T04:20:38Z" finished-at="2019-12-19T04:21:05Z">
          <reporter-output>
          </reporter-output>
        </test-method> <!-- script1 -->
      </class> <!-- pack1.p1 -->
    </test> <!-- Test -->
  </suite> <!-- Suite -->
</testng-results>
